Analysis & Synthesis report for BB_SYSTEM
Thu May 04 11:28:01 2023
Quartus Prime Version 19.1.0 Build 670 09/22/2019 SJ Lite Edition


---------------------
; Table of Contents ;
---------------------
  1. Legal Notice
  2. Analysis & Synthesis Summary
  3. Analysis & Synthesis Settings
  4. Parallel Compilation
  5. Analysis & Synthesis Messages
  6. Analysis & Synthesis Suppressed Messages



----------------
; Legal Notice ;
----------------
Copyright (C) 2019  Intel Corporation. All rights reserved.
Your use of Intel Corporation's design tools, logic functions 
and other software and tools, and any partner logic 
functions, and any output files from any of the foregoing 
(including device programming or simulation files), and any 
associated documentation or information are expressly subject 
to the terms and conditions of the Intel Program License 
Subscription Agreement, the Intel Quartus Prime License Agreement,
the Intel FPGA IP License Agreement, or other applicable license
agreement, including, without limitation, that your use is for
the sole purpose of programming logic devices manufactured by
Intel and sold by Intel or its authorized distributors.  Please
refer to the applicable agreement for further details, at
https://fpgasoftware.intel.com/eula.



+----------------------------------------------------------------------------------+
; Analysis & Synthesis Summary                                                     ;
+------------------------------------+---------------------------------------------+
; Analysis & Synthesis Status        ; Failed - Thu May 04 11:28:01 2023           ;
; Quartus Prime Version              ; 19.1.0 Build 670 09/22/2019 SJ Lite Edition ;
; Revision Name                      ; BB_SYSTEM                                   ;
; Top-level Entity Name              ; BB_SYSTEM                                   ;
; Family                             ; Cyclone IV E                                ;
; Total logic elements               ; N/A until Partition Merge                   ;
;     Total combinational functions  ; N/A until Partition Merge                   ;
;     Dedicated logic registers      ; N/A until Partition Merge                   ;
; Total registers                    ; N/A until Partition Merge                   ;
; Total pins                         ; N/A until Partition Merge                   ;
; Total virtual pins                 ; N/A until Partition Merge                   ;
; Total memory bits                  ; N/A until Partition Merge                   ;
; Embedded Multiplier 9-bit elements ; N/A until Partition Merge                   ;
; Total PLLs                         ; N/A until Partition Merge                   ;
+------------------------------------+---------------------------------------------+


+------------------------------------------------------------------------------------------------------------+
; Analysis & Synthesis Settings                                                                              ;
+------------------------------------------------------------------+--------------------+--------------------+
; Option                                                           ; Setting            ; Default Value      ;
+------------------------------------------------------------------+--------------------+--------------------+
; Device                                                           ; EP4CE22F17C6       ;                    ;
; Top-level entity name                                            ; BB_SYSTEM          ; BB_SYSTEM          ;
; Family name                                                      ; Cyclone IV E       ; Cyclone V          ;
; Maximum processors allowed for parallel compilation              ; 4                  ;                    ;
; Use smart compilation                                            ; Off                ; Off                ;
; Enable parallel Assembler and Timing Analyzer during compilation ; On                 ; On                 ;
; Enable compact report table                                      ; Off                ; Off                ;
; Restructure Multiplexers                                         ; Auto               ; Auto               ;
; Create Debugging Nodes for IP Cores                              ; Off                ; Off                ;
; Preserve fewer node names                                        ; On                 ; On                 ;
; Intel FPGA IP Evaluation Mode                                    ; Enable             ; Enable             ;
; Verilog Version                                                  ; Verilog_2001       ; Verilog_2001       ;
; VHDL Version                                                     ; VHDL_1993          ; VHDL_1993          ;
; State Machine Processing                                         ; Auto               ; Auto               ;
; Safe State Machine                                               ; Off                ; Off                ;
; Extract Verilog State Machines                                   ; On                 ; On                 ;
; Extract VHDL State Machines                                      ; On                 ; On                 ;
; Ignore Verilog initial constructs                                ; Off                ; Off                ;
; Iteration limit for constant Verilog loops                       ; 5000               ; 5000               ;
; Iteration limit for non-constant Verilog loops                   ; 250                ; 250                ;
; Add Pass-Through Logic to Inferred RAMs                          ; On                 ; On                 ;
; Infer RAMs from Raw Logic                                        ; On                 ; On                 ;
; Parallel Synthesis                                               ; On                 ; On                 ;
; DSP Block Balancing                                              ; Auto               ; Auto               ;
; NOT Gate Push-Back                                               ; On                 ; On                 ;
; Power-Up Don't Care                                              ; On                 ; On                 ;
; Remove Redundant Logic Cells                                     ; Off                ; Off                ;
; Remove Duplicate Registers                                       ; On                 ; On                 ;
; Ignore CARRY Buffers                                             ; Off                ; Off                ;
; Ignore CASCADE Buffers                                           ; Off                ; Off                ;
; Ignore GLOBAL Buffers                                            ; Off                ; Off                ;
; Ignore ROW GLOBAL Buffers                                        ; Off                ; Off                ;
; Ignore LCELL Buffers                                             ; Off                ; Off                ;
; Ignore SOFT Buffers                                              ; On                 ; On                 ;
; Limit AHDL Integers to 32 Bits                                   ; Off                ; Off                ;
; Optimization Technique                                           ; Balanced           ; Balanced           ;
; Carry Chain Length                                               ; 70                 ; 70                 ;
; Auto Carry Chains                                                ; On                 ; On                 ;
; Auto Open-Drain Pins                                             ; On                 ; On                 ;
; Perform WYSIWYG Primitive Resynthesis                            ; Off                ; Off                ;
; Auto ROM Replacement                                             ; On                 ; On                 ;
; Auto RAM Replacement                                             ; On                 ; On                 ;
; Auto DSP Block Replacement                                       ; On                 ; On                 ;
; Auto Shift Register Replacement                                  ; Auto               ; Auto               ;
; Allow Shift Register Merging across Hierarchies                  ; Auto               ; Auto               ;
; Auto Clock Enable Replacement                                    ; On                 ; On                 ;
; Strict RAM Replacement                                           ; Off                ; Off                ;
; Allow Synchronous Control Signals                                ; On                 ; On                 ;
; Force Use of Synchronous Clear Signals                           ; Off                ; Off                ;
; Auto RAM Block Balancing                                         ; On                 ; On                 ;
; Auto RAM to Logic Cell Conversion                                ; Off                ; Off                ;
; Auto Resource Sharing                                            ; Off                ; Off                ;
; Allow Any RAM Size For Recognition                               ; Off                ; Off                ;
; Allow Any ROM Size For Recognition                               ; Off                ; Off                ;
; Allow Any Shift Register Size For Recognition                    ; Off                ; Off                ;
; Use LogicLock Constraints during Resource Balancing              ; On                 ; On                 ;
; Ignore translate_off and synthesis_off directives                ; Off                ; Off                ;
; Timing-Driven Synthesis                                          ; On                 ; On                 ;
; Report Parameter Settings                                        ; On                 ; On                 ;
; Report Source Assignments                                        ; On                 ; On                 ;
; Report Connectivity Checks                                       ; On                 ; On                 ;
; Ignore Maximum Fan-Out Assignments                               ; Off                ; Off                ;
; Synchronization Register Chain Length                            ; 2                  ; 2                  ;
; Power Optimization During Synthesis                              ; Normal compilation ; Normal compilation ;
; HDL message level                                                ; Level2             ; Level2             ;
; Suppress Register Optimization Related Messages                  ; Off                ; Off                ;
; Number of Removed Registers Reported in Synthesis Report         ; 5000               ; 5000               ;
; Number of Swept Nodes Reported in Synthesis Report               ; 5000               ; 5000               ;
; Number of Inverted Registers Reported in Synthesis Report        ; 100                ; 100                ;
; Clock MUX Protection                                             ; On                 ; On                 ;
; Auto Gated Clock Conversion                                      ; Off                ; Off                ;
; Block Design Naming                                              ; Auto               ; Auto               ;
; SDC constraint protection                                        ; Off                ; Off                ;
; Synthesis Effort                                                 ; Auto               ; Auto               ;
; Shift Register Replacement - Allow Asynchronous Clear Signal     ; On                 ; On                 ;
; Pre-Mapping Resynthesis Optimization                             ; Off                ; Off                ;
; Analysis & Synthesis Message Level                               ; Medium             ; Medium             ;
; Disable Register Merging Across Hierarchies                      ; Auto               ; Auto               ;
; Resource Aware Inference For Block RAM                           ; On                 ; On                 ;
+------------------------------------------------------------------+--------------------+--------------------+


+------------------------------------------+
; Parallel Compilation                     ;
+----------------------------+-------------+
; Processors                 ; Number      ;
+----------------------------+-------------+
; Number detected on machine ; 4           ;
; Maximum allowed            ; 4           ;
;                            ;             ;
; Average used               ; 1.00        ;
; Maximum used               ; 1           ;
;                            ;             ;
; Usage by Processor         ; % Time Used ;
;     Processor 1            ; 100.0%      ;
+----------------------------+-------------+


+-------------------------------+
; Analysis & Synthesis Messages ;
+-------------------------------+
Info: *******************************************************************
Info: Running Quartus Prime Analysis & Synthesis
    Info: Version 19.1.0 Build 670 09/22/2019 SJ Lite Edition
    Info: Processing started: Thu May 04 11:27:50 2023
Info: Command: quartus_map --read_settings_files=on --write_settings_files=off BB_SYSTEM -c BB_SYSTEM
Info (20032): Parallel compilation is enabled and will use up to 4 processors
Warning (20031): Parallel compilation is enabled for 4 processors, but there are only 2 processors in the system. Runtime may increase due to over usage of the processor space.
Info (12021): Found 1 design units, including 1 entities, in source file rtl/shift_reg_start_done.v
    Info (12023): Found entity 1: shift_reg_start_done File: C:/Users/Microsoft Windows 10.DESKTOP-8RBDR0M/OneDrive - Universidad de los Andes/IELE/Sitemas Electrónicos digitales/Proyecto 2/RoadFighter/2010-PRJ0_BASE_1/rtl/shift_reg_start_done.v Line: 34
Info (12021): Found 1 design units, including 1 entities, in source file rtl/max7219_ctrl.v
    Info (12023): Found entity 1: matrix_ctrl File: C:/Users/Microsoft Windows 10.DESKTOP-8RBDR0M/OneDrive - Universidad de los Andes/IELE/Sitemas Electrónicos digitales/Proyecto 2/RoadFighter/2010-PRJ0_BASE_1/rtl/max7219_ctrl.v Line: 18
Info (12021): Found 1 design units, including 1 entities, in source file rtl/sc_debounce1.v
    Info (12023): Found entity 1: SC_DEBOUNCE1 File: C:/Users/Microsoft Windows 10.DESKTOP-8RBDR0M/OneDrive - Universidad de los Andes/IELE/Sitemas Electrónicos digitales/Proyecto 2/RoadFighter/2010-PRJ0_BASE_1/rtl/SC_DEBOUNCE1.v Line: 44
Info (12021): Found 1 design units, including 1 entities, in source file bb_system.v
    Info (12023): Found entity 1: BB_SYSTEM File: C:/Users/Microsoft Windows 10.DESKTOP-8RBDR0M/OneDrive - Universidad de los Andes/IELE/Sitemas Electrónicos digitales/Proyecto 2/RoadFighter/2010-PRJ0_BASE_1/BB_SYSTEM.v Line: 21
Info (12021): Found 1 design units, including 1 entities, in source file rtl/sc_regcounter_time.v
    Info (12023): Found entity 1: SC_RegGENERAL_Time File: C:/Users/Microsoft Windows 10.DESKTOP-8RBDR0M/OneDrive - Universidad de los Andes/IELE/Sitemas Electrónicos digitales/Proyecto 2/RoadFighter/2010-PRJ0_BASE_1/rtl/SC_RegCOUNTER_Time.v Line: 21
Info (12021): Found 1 design units, including 1 entities, in source file rtl/sc_regcounter_lv.v
    Info (12023): Found entity 1: SC_RegGENERAL_ File: C:/Users/Microsoft Windows 10.DESKTOP-8RBDR0M/OneDrive - Universidad de los Andes/IELE/Sitemas Electrónicos digitales/Proyecto 2/RoadFighter/2010-PRJ0_BASE_1/rtl/SC_RegCOUNTER_LV.v Line: 21
Info (12021): Found 1 design units, including 1 entities, in source file rtl/cc_mux41.v
    Info (12023): Found entity 1: CC_MUX41 File: C:/Users/Microsoft Windows 10.DESKTOP-8RBDR0M/OneDrive - Universidad de los Andes/IELE/Sitemas Electrónicos digitales/Proyecto 2/RoadFighter/2010-PRJ0_BASE_1/rtl/CC_MUX41.v Line: 21
Info (12021): Found 1 design units, including 1 entities, in source file rtl/cc_reg.v
    Info (12023): Found entity 1: CC_REG File: C:/Users/Microsoft Windows 10.DESKTOP-8RBDR0M/OneDrive - Universidad de los Andes/IELE/Sitemas Electrónicos digitales/Proyecto 2/RoadFighter/2010-PRJ0_BASE_1/rtl/CC_REG.v Line: 21
Info (12021): Found 1 design units, including 1 entities, in source file rtl/sc_statemachine.v
    Info (12023): Found entity 1: SC_STATEMACHINE File: C:/Users/Microsoft Windows 10.DESKTOP-8RBDR0M/OneDrive - Universidad de los Andes/IELE/Sitemas Electrónicos digitales/Proyecto 2/RoadFighter/2010-PRJ0_BASE_1/rtl/SC_STATEMACHINE.V Line: 21
Info (12021): Found 1 design units, including 1 entities, in source file rtl/cc_speedcomparator.v
    Info (12023): Found entity 1: CC_SPEEDCOMPARATOR File: C:/Users/Microsoft Windows 10.DESKTOP-8RBDR0M/OneDrive - Universidad de los Andes/IELE/Sitemas Electrónicos digitales/Proyecto 2/RoadFighter/2010-PRJ0_BASE_1/rtl/CC_SPEEDCOMPARATOR.v Line: 21
Info (12021): Found 1 design units, including 1 entities, in source file rtl/sc_random.v
    Info (12023): Found entity 1: SC_RegSHIFTER File: C:/Users/Microsoft Windows 10.DESKTOP-8RBDR0M/OneDrive - Universidad de los Andes/IELE/Sitemas Electrónicos digitales/Proyecto 2/RoadFighter/2010-PRJ0_BASE_1/rtl/SC_RANDOM.v Line: 21
Info (12021): Found 1 design units, including 1 entities, in source file rtl/sc_regshifter_.v
    Info (12023): Found entity 1: SC_RegSHIFTER_ File: C:/Users/Microsoft Windows 10.DESKTOP-8RBDR0M/OneDrive - Universidad de los Andes/IELE/Sitemas Electrónicos digitales/Proyecto 2/RoadFighter/2010-PRJ0_BASE_1/rtl/SC_RegSHIFTER_.v Line: 21
Warning (10236): Verilog HDL Implicit Net warning at BB_SYSTEM.v(222): created implicit net for "BB_SYSTEM_SM_1_cwire" File: C:/Users/Microsoft Windows 10.DESKTOP-8RBDR0M/OneDrive - Universidad de los Andes/IELE/Sitemas Electrónicos digitales/Proyecto 2/RoadFighter/2010-PRJ0_BASE_1/BB_SYSTEM.v Line: 222
Warning (10236): Verilog HDL Implicit Net warning at BB_SYSTEM.v(230): created implicit net for "BB_SYSTEM_RESET_InHigh_cwire" File: C:/Users/Microsoft Windows 10.DESKTOP-8RBDR0M/OneDrive - Universidad de los Andes/IELE/Sitemas Electrónicos digitales/Proyecto 2/RoadFighter/2010-PRJ0_BASE_1/BB_SYSTEM.v Line: 230
Warning (10236): Verilog HDL Implicit Net warning at BB_SYSTEM.v(231): created implicit net for "BB_SYSTEM_starBUtton_InLow_cwire" File: C:/Users/Microsoft Windows 10.DESKTOP-8RBDR0M/OneDrive - Universidad de los Andes/IELE/Sitemas Electrónicos digitales/Proyecto 2/RoadFighter/2010-PRJ0_BASE_1/BB_SYSTEM.v Line: 231
Warning (10236): Verilog HDL Implicit Net warning at BB_SYSTEM.v(236): created implicit net for "BB_SYSTEM_CLOCK_50_cwire" File: C:/Users/Microsoft Windows 10.DESKTOP-8RBDR0M/OneDrive - Universidad de los Andes/IELE/Sitemas Electrónicos digitales/Proyecto 2/RoadFighter/2010-PRJ0_BASE_1/BB_SYSTEM.v Line: 236
Warning (10236): Verilog HDL Implicit Net warning at BB_SYSTEM.v(245): created implicit net for "BB_SYSTEM_CLOCK50" File: C:/Users/Microsoft Windows 10.DESKTOP-8RBDR0M/OneDrive - Universidad de los Andes/IELE/Sitemas Electrónicos digitales/Proyecto 2/RoadFighter/2010-PRJ0_BASE_1/BB_SYSTEM.v Line: 245
Warning (10236): Verilog HDL Implicit Net warning at BB_SYSTEM.v(254): created implicit net for "BB_SYSTEM_CLCOK_50" File: C:/Users/Microsoft Windows 10.DESKTOP-8RBDR0M/OneDrive - Universidad de los Andes/IELE/Sitemas Electrónicos digitales/Proyecto 2/RoadFighter/2010-PRJ0_BASE_1/BB_SYSTEM.v Line: 254
Warning (10236): Verilog HDL Implicit Net warning at BB_SYSTEM.v(255): created implicit net for "BB_SYSTEM_RESET_InHIgh" File: C:/Users/Microsoft Windows 10.DESKTOP-8RBDR0M/OneDrive - Universidad de los Andes/IELE/Sitemas Electrónicos digitales/Proyecto 2/RoadFighter/2010-PRJ0_BASE_1/BB_SYSTEM.v Line: 255
Warning (10236): Verilog HDL Implicit Net warning at BB_SYSTEM.v(270): created implicit net for "BB_SYTEM_REG_cwire" File: C:/Users/Microsoft Windows 10.DESKTOP-8RBDR0M/OneDrive - Universidad de los Andes/IELE/Sitemas Electrónicos digitales/Proyecto 2/RoadFighter/2010-PRJ0_BASE_1/BB_SYSTEM.v Line: 270
Warning (10236): Verilog HDL Implicit Net warning at BB_SYSTEM.v(281): created implicit net for "BB_SYTEM_SM_cwire" File: C:/Users/Microsoft Windows 10.DESKTOP-8RBDR0M/OneDrive - Universidad de los Andes/IELE/Sitemas Electrónicos digitales/Proyecto 2/RoadFighter/2010-PRJ0_BASE_1/BB_SYSTEM.v Line: 281
Warning (10236): Verilog HDL Implicit Net warning at BB_SYSTEM.v(322): created implicit net for "BB_SYTEM_MUX_2_cwire" File: C:/Users/Microsoft Windows 10.DESKTOP-8RBDR0M/OneDrive - Universidad de los Andes/IELE/Sitemas Electrónicos digitales/Proyecto 2/RoadFighter/2010-PRJ0_BASE_1/BB_SYSTEM.v Line: 322
Warning (10236): Verilog HDL Implicit Net warning at BB_SYSTEM.v(346): created implicit net for "BB_SYSTEM_REG_7_cwire" File: C:/Users/Microsoft Windows 10.DESKTOP-8RBDR0M/OneDrive - Universidad de los Andes/IELE/Sitemas Electrónicos digitales/Proyecto 2/RoadFighter/2010-PRJ0_BASE_1/BB_SYSTEM.v Line: 346
Warning (10236): Verilog HDL Implicit Net warning at BB_SYSTEM.v(352): created implicit net for "BB_SYSTEM_RegSHIFTER" File: C:/Users/Microsoft Windows 10.DESKTOP-8RBDR0M/OneDrive - Universidad de los Andes/IELE/Sitemas Electrónicos digitales/Proyecto 2/RoadFighter/2010-PRJ0_BASE_1/BB_SYSTEM.v Line: 352
Warning (10236): Verilog HDL Implicit Net warning at BB_SYSTEM.v(366): created implicit net for "BB_SYSTEM_COMPARATOR_cwire" File: C:/Users/Microsoft Windows 10.DESKTOP-8RBDR0M/OneDrive - Universidad de los Andes/IELE/Sitemas Electrónicos digitales/Proyecto 2/RoadFighter/2010-PRJ0_BASE_1/BB_SYSTEM.v Line: 366
Warning (10236): Verilog HDL Implicit Net warning at BB_SYSTEM.v(391): created implicit net for "BB_SYSTEM_leftButton_2_InLow_cwire" File: C:/Users/Microsoft Windows 10.DESKTOP-8RBDR0M/OneDrive - Universidad de los Andes/IELE/Sitemas Electrónicos digitales/Proyecto 2/RoadFighter/2010-PRJ0_BASE_1/BB_SYSTEM.v Line: 391
Warning (10236): Verilog HDL Implicit Net warning at BB_SYSTEM.v(392): created implicit net for "BB_SYSTEM_rightButton_2_InLow_cwire" File: C:/Users/Microsoft Windows 10.DESKTOP-8RBDR0M/OneDrive - Universidad de los Andes/IELE/Sitemas Electrónicos digitales/Proyecto 2/RoadFighter/2010-PRJ0_BASE_1/BB_SYSTEM.v Line: 392
Warning (10236): Verilog HDL Implicit Net warning at BB_SYSTEM.v(407): created implicit net for "BB_SYSTEM_RESET_InHIgh_cwire" File: C:/Users/Microsoft Windows 10.DESKTOP-8RBDR0M/OneDrive - Universidad de los Andes/IELE/Sitemas Electrónicos digitales/Proyecto 2/RoadFighter/2010-PRJ0_BASE_1/BB_SYSTEM.v Line: 407
Warning (10236): Verilog HDL Implicit Net warning at BB_SYSTEM.v(416): created implicit net for "BB_SYSTEM_RANDOM_Out_cwire" File: C:/Users/Microsoft Windows 10.DESKTOP-8RBDR0M/OneDrive - Universidad de los Andes/IELE/Sitemas Electrónicos digitales/Proyecto 2/RoadFighter/2010-PRJ0_BASE_1/BB_SYSTEM.v Line: 416
Warning (10236): Verilog HDL Implicit Net warning at BB_SYSTEM.v(517): created implicit net for "BB_SYSTEM_COMPARATOR_2_cwire" File: C:/Users/Microsoft Windows 10.DESKTOP-8RBDR0M/OneDrive - Universidad de los Andes/IELE/Sitemas Electrónicos digitales/Proyecto 2/RoadFighter/2010-PRJ0_BASE_1/BB_SYSTEM.v Line: 517
Warning (10236): Verilog HDL Implicit Net warning at BB_SYSTEM.v(561): created implicit net for "BB_SYSTEM_TEST0" File: C:/Users/Microsoft Windows 10.DESKTOP-8RBDR0M/OneDrive - Universidad de los Andes/IELE/Sitemas Electrónicos digitales/Proyecto 2/RoadFighter/2010-PRJ0_BASE_1/BB_SYSTEM.v Line: 561
Warning (10236): Verilog HDL Implicit Net warning at BB_SYSTEM.v(562): created implicit net for "BB_SYSTEM_TEST1" File: C:/Users/Microsoft Windows 10.DESKTOP-8RBDR0M/OneDrive - Universidad de los Andes/IELE/Sitemas Electrónicos digitales/Proyecto 2/RoadFighter/2010-PRJ0_BASE_1/BB_SYSTEM.v Line: 562
Warning (10236): Verilog HDL Implicit Net warning at BB_SYSTEM.v(563): created implicit net for "BB_SYSTEM_TEST2" File: C:/Users/Microsoft Windows 10.DESKTOP-8RBDR0M/OneDrive - Universidad de los Andes/IELE/Sitemas Electrónicos digitales/Proyecto 2/RoadFighter/2010-PRJ0_BASE_1/BB_SYSTEM.v Line: 563
Warning (10236): Verilog HDL Implicit Net warning at SC_RegCOUNTER_LV.v(72): created implicit net for "SC_RegGENERAL_Data" File: C:/Users/Microsoft Windows 10.DESKTOP-8RBDR0M/OneDrive - Universidad de los Andes/IELE/Sitemas Electrónicos digitales/Proyecto 2/RoadFighter/2010-PRJ0_BASE_1/rtl/SC_RegCOUNTER_LV.v Line: 72
Critical Warning (10846): Verilog HDL Instantiation warning at BB_SYSTEM.v(232): instance has no name File: C:/Users/Microsoft Windows 10.DESKTOP-8RBDR0M/OneDrive - Universidad de los Andes/IELE/Sitemas Electrónicos digitales/Proyecto 2/RoadFighter/2010-PRJ0_BASE_1/BB_SYSTEM.v Line: 232
Critical Warning (10846): Verilog HDL Instantiation warning at BB_SYSTEM.v(240): instance has no name File: C:/Users/Microsoft Windows 10.DESKTOP-8RBDR0M/OneDrive - Universidad de los Andes/IELE/Sitemas Electrónicos digitales/Proyecto 2/RoadFighter/2010-PRJ0_BASE_1/BB_SYSTEM.v Line: 240
Critical Warning (10846): Verilog HDL Instantiation warning at BB_SYSTEM.v(249): instance has no name File: C:/Users/Microsoft Windows 10.DESKTOP-8RBDR0M/OneDrive - Universidad de los Andes/IELE/Sitemas Electrónicos digitales/Proyecto 2/RoadFighter/2010-PRJ0_BASE_1/BB_SYSTEM.v Line: 249
Critical Warning (10846): Verilog HDL Instantiation warning at BB_SYSTEM.v(257): instance has no name File: C:/Users/Microsoft Windows 10.DESKTOP-8RBDR0M/OneDrive - Universidad de los Andes/IELE/Sitemas Electrónicos digitales/Proyecto 2/RoadFighter/2010-PRJ0_BASE_1/BB_SYSTEM.v Line: 257
Critical Warning (10846): Verilog HDL Instantiation warning at BB_SYSTEM.v(265): instance has no name File: C:/Users/Microsoft Windows 10.DESKTOP-8RBDR0M/OneDrive - Universidad de los Andes/IELE/Sitemas Electrónicos digitales/Proyecto 2/RoadFighter/2010-PRJ0_BASE_1/BB_SYSTEM.v Line: 265
Critical Warning (10846): Verilog HDL Instantiation warning at BB_SYSTEM.v(271): instance has no name File: C:/Users/Microsoft Windows 10.DESKTOP-8RBDR0M/OneDrive - Universidad de los Andes/IELE/Sitemas Electrónicos digitales/Proyecto 2/RoadFighter/2010-PRJ0_BASE_1/BB_SYSTEM.v Line: 271
Critical Warning (10846): Verilog HDL Instantiation warning at BB_SYSTEM.v(277): instance has no name File: C:/Users/Microsoft Windows 10.DESKTOP-8RBDR0M/OneDrive - Universidad de los Andes/IELE/Sitemas Electrónicos digitales/Proyecto 2/RoadFighter/2010-PRJ0_BASE_1/BB_SYSTEM.v Line: 277
Critical Warning (10846): Verilog HDL Instantiation warning at BB_SYSTEM.v(283): instance has no name File: C:/Users/Microsoft Windows 10.DESKTOP-8RBDR0M/OneDrive - Universidad de los Andes/IELE/Sitemas Electrónicos digitales/Proyecto 2/RoadFighter/2010-PRJ0_BASE_1/BB_SYSTEM.v Line: 283
Critical Warning (10846): Verilog HDL Instantiation warning at BB_SYSTEM.v(289): instance has no name File: C:/Users/Microsoft Windows 10.DESKTOP-8RBDR0M/OneDrive - Universidad de los Andes/IELE/Sitemas Electrónicos digitales/Proyecto 2/RoadFighter/2010-PRJ0_BASE_1/BB_SYSTEM.v Line: 289
Critical Warning (10846): Verilog HDL Instantiation warning at BB_SYSTEM.v(295): instance has no name File: C:/Users/Microsoft Windows 10.DESKTOP-8RBDR0M/OneDrive - Universidad de los Andes/IELE/Sitemas Electrónicos digitales/Proyecto 2/RoadFighter/2010-PRJ0_BASE_1/BB_SYSTEM.v Line: 295
Critical Warning (10846): Verilog HDL Instantiation warning at BB_SYSTEM.v(301): instance has no name File: C:/Users/Microsoft Windows 10.DESKTOP-8RBDR0M/OneDrive - Universidad de los Andes/IELE/Sitemas Electrónicos digitales/Proyecto 2/RoadFighter/2010-PRJ0_BASE_1/BB_SYSTEM.v Line: 301
Critical Warning (10846): Verilog HDL Instantiation warning at BB_SYSTEM.v(307): instance has no name File: C:/Users/Microsoft Windows 10.DESKTOP-8RBDR0M/OneDrive - Universidad de los Andes/IELE/Sitemas Electrónicos digitales/Proyecto 2/RoadFighter/2010-PRJ0_BASE_1/BB_SYSTEM.v Line: 307
Critical Warning (10846): Verilog HDL Instantiation warning at BB_SYSTEM.v(313): instance has no name File: C:/Users/Microsoft Windows 10.DESKTOP-8RBDR0M/OneDrive - Universidad de los Andes/IELE/Sitemas Electrónicos digitales/Proyecto 2/RoadFighter/2010-PRJ0_BASE_1/BB_SYSTEM.v Line: 313
Critical Warning (10846): Verilog HDL Instantiation warning at BB_SYSTEM.v(318): instance has no name File: C:/Users/Microsoft Windows 10.DESKTOP-8RBDR0M/OneDrive - Universidad de los Andes/IELE/Sitemas Electrónicos digitales/Proyecto 2/RoadFighter/2010-PRJ0_BASE_1/BB_SYSTEM.v Line: 318
Critical Warning (10846): Verilog HDL Instantiation warning at BB_SYSTEM.v(323): instance has no name File: C:/Users/Microsoft Windows 10.DESKTOP-8RBDR0M/OneDrive - Universidad de los Andes/IELE/Sitemas Electrónicos digitales/Proyecto 2/RoadFighter/2010-PRJ0_BASE_1/BB_SYSTEM.v Line: 323
Critical Warning (10846): Verilog HDL Instantiation warning at BB_SYSTEM.v(328): instance has no name File: C:/Users/Microsoft Windows 10.DESKTOP-8RBDR0M/OneDrive - Universidad de los Andes/IELE/Sitemas Electrónicos digitales/Proyecto 2/RoadFighter/2010-PRJ0_BASE_1/BB_SYSTEM.v Line: 328
Critical Warning (10846): Verilog HDL Instantiation warning at BB_SYSTEM.v(333): instance has no name File: C:/Users/Microsoft Windows 10.DESKTOP-8RBDR0M/OneDrive - Universidad de los Andes/IELE/Sitemas Electrónicos digitales/Proyecto 2/RoadFighter/2010-PRJ0_BASE_1/BB_SYSTEM.v Line: 333
Critical Warning (10846): Verilog HDL Instantiation warning at BB_SYSTEM.v(338): instance has no name File: C:/Users/Microsoft Windows 10.DESKTOP-8RBDR0M/OneDrive - Universidad de los Andes/IELE/Sitemas Electrónicos digitales/Proyecto 2/RoadFighter/2010-PRJ0_BASE_1/BB_SYSTEM.v Line: 338
Critical Warning (10846): Verilog HDL Instantiation warning at BB_SYSTEM.v(343): instance has no name File: C:/Users/Microsoft Windows 10.DESKTOP-8RBDR0M/OneDrive - Universidad de los Andes/IELE/Sitemas Electrónicos digitales/Proyecto 2/RoadFighter/2010-PRJ0_BASE_1/BB_SYSTEM.v Line: 343
Critical Warning (10846): Verilog HDL Instantiation warning at BB_SYSTEM.v(348): instance has no name File: C:/Users/Microsoft Windows 10.DESKTOP-8RBDR0M/OneDrive - Universidad de los Andes/IELE/Sitemas Electrónicos digitales/Proyecto 2/RoadFighter/2010-PRJ0_BASE_1/BB_SYSTEM.v Line: 348
Critical Warning (10846): Verilog HDL Instantiation warning at BB_SYSTEM.v(355): instance has no name File: C:/Users/Microsoft Windows 10.DESKTOP-8RBDR0M/OneDrive - Universidad de los Andes/IELE/Sitemas Electrónicos digitales/Proyecto 2/RoadFighter/2010-PRJ0_BASE_1/BB_SYSTEM.v Line: 355
Critical Warning (10846): Verilog HDL Instantiation warning at BB_SYSTEM.v(362): instance has no name File: C:/Users/Microsoft Windows 10.DESKTOP-8RBDR0M/OneDrive - Universidad de los Andes/IELE/Sitemas Electrónicos digitales/Proyecto 2/RoadFighter/2010-PRJ0_BASE_1/BB_SYSTEM.v Line: 362
Critical Warning (10846): Verilog HDL Instantiation warning at BB_SYSTEM.v(369): instance has no name File: C:/Users/Microsoft Windows 10.DESKTOP-8RBDR0M/OneDrive - Universidad de los Andes/IELE/Sitemas Electrónicos digitales/Proyecto 2/RoadFighter/2010-PRJ0_BASE_1/BB_SYSTEM.v Line: 369
Critical Warning (10846): Verilog HDL Instantiation warning at BB_SYSTEM.v(385): instance has no name File: C:/Users/Microsoft Windows 10.DESKTOP-8RBDR0M/OneDrive - Universidad de los Andes/IELE/Sitemas Electrónicos digitales/Proyecto 2/RoadFighter/2010-PRJ0_BASE_1/BB_SYSTEM.v Line: 385
Critical Warning (10846): Verilog HDL Instantiation warning at BB_SYSTEM.v(392): instance has no name File: C:/Users/Microsoft Windows 10.DESKTOP-8RBDR0M/OneDrive - Universidad de los Andes/IELE/Sitemas Electrónicos digitales/Proyecto 2/RoadFighter/2010-PRJ0_BASE_1/BB_SYSTEM.v Line: 392
Critical Warning (10846): Verilog HDL Instantiation warning at BB_SYSTEM.v(401): instance has no name File: C:/Users/Microsoft Windows 10.DESKTOP-8RBDR0M/OneDrive - Universidad de los Andes/IELE/Sitemas Electrónicos digitales/Proyecto 2/RoadFighter/2010-PRJ0_BASE_1/BB_SYSTEM.v Line: 401
Critical Warning (10846): Verilog HDL Instantiation warning at BB_SYSTEM.v(409): instance has no name File: C:/Users/Microsoft Windows 10.DESKTOP-8RBDR0M/OneDrive - Universidad de los Andes/IELE/Sitemas Electrónicos digitales/Proyecto 2/RoadFighter/2010-PRJ0_BASE_1/BB_SYSTEM.v Line: 409
Critical Warning (10846): Verilog HDL Instantiation warning at BB_SYSTEM.v(417): instance has no name File: C:/Users/Microsoft Windows 10.DESKTOP-8RBDR0M/OneDrive - Universidad de los Andes/IELE/Sitemas Electrónicos digitales/Proyecto 2/RoadFighter/2010-PRJ0_BASE_1/BB_SYSTEM.v Line: 417
Critical Warning (10846): Verilog HDL Instantiation warning at BB_SYSTEM.v(423): instance has no name File: C:/Users/Microsoft Windows 10.DESKTOP-8RBDR0M/OneDrive - Universidad de los Andes/IELE/Sitemas Electrónicos digitales/Proyecto 2/RoadFighter/2010-PRJ0_BASE_1/BB_SYSTEM.v Line: 423
Critical Warning (10846): Verilog HDL Instantiation warning at BB_SYSTEM.v(429): instance has no name File: C:/Users/Microsoft Windows 10.DESKTOP-8RBDR0M/OneDrive - Universidad de los Andes/IELE/Sitemas Electrónicos digitales/Proyecto 2/RoadFighter/2010-PRJ0_BASE_1/BB_SYSTEM.v Line: 429
Critical Warning (10846): Verilog HDL Instantiation warning at BB_SYSTEM.v(435): instance has no name File: C:/Users/Microsoft Windows 10.DESKTOP-8RBDR0M/OneDrive - Universidad de los Andes/IELE/Sitemas Electrónicos digitales/Proyecto 2/RoadFighter/2010-PRJ0_BASE_1/BB_SYSTEM.v Line: 435
Critical Warning (10846): Verilog HDL Instantiation warning at BB_SYSTEM.v(441): instance has no name File: C:/Users/Microsoft Windows 10.DESKTOP-8RBDR0M/OneDrive - Universidad de los Andes/IELE/Sitemas Electrónicos digitales/Proyecto 2/RoadFighter/2010-PRJ0_BASE_1/BB_SYSTEM.v Line: 441
Critical Warning (10846): Verilog HDL Instantiation warning at BB_SYSTEM.v(447): instance has no name File: C:/Users/Microsoft Windows 10.DESKTOP-8RBDR0M/OneDrive - Universidad de los Andes/IELE/Sitemas Electrónicos digitales/Proyecto 2/RoadFighter/2010-PRJ0_BASE_1/BB_SYSTEM.v Line: 447
Critical Warning (10846): Verilog HDL Instantiation warning at BB_SYSTEM.v(453): instance has no name File: C:/Users/Microsoft Windows 10.DESKTOP-8RBDR0M/OneDrive - Universidad de los Andes/IELE/Sitemas Electrónicos digitales/Proyecto 2/RoadFighter/2010-PRJ0_BASE_1/BB_SYSTEM.v Line: 453
Critical Warning (10846): Verilog HDL Instantiation warning at BB_SYSTEM.v(459): instance has no name File: C:/Users/Microsoft Windows 10.DESKTOP-8RBDR0M/OneDrive - Universidad de los Andes/IELE/Sitemas Electrónicos digitales/Proyecto 2/RoadFighter/2010-PRJ0_BASE_1/BB_SYSTEM.v Line: 459
Critical Warning (10846): Verilog HDL Instantiation warning at BB_SYSTEM.v(465): instance has no name File: C:/Users/Microsoft Windows 10.DESKTOP-8RBDR0M/OneDrive - Universidad de los Andes/IELE/Sitemas Electrónicos digitales/Proyecto 2/RoadFighter/2010-PRJ0_BASE_1/BB_SYSTEM.v Line: 465
Critical Warning (10846): Verilog HDL Instantiation warning at BB_SYSTEM.v(470): instance has no name File: C:/Users/Microsoft Windows 10.DESKTOP-8RBDR0M/OneDrive - Universidad de los Andes/IELE/Sitemas Electrónicos digitales/Proyecto 2/RoadFighter/2010-PRJ0_BASE_1/BB_SYSTEM.v Line: 470
Critical Warning (10846): Verilog HDL Instantiation warning at BB_SYSTEM.v(475): instance has no name File: C:/Users/Microsoft Windows 10.DESKTOP-8RBDR0M/OneDrive - Universidad de los Andes/IELE/Sitemas Electrónicos digitales/Proyecto 2/RoadFighter/2010-PRJ0_BASE_1/BB_SYSTEM.v Line: 475
Critical Warning (10846): Verilog HDL Instantiation warning at BB_SYSTEM.v(480): instance has no name File: C:/Users/Microsoft Windows 10.DESKTOP-8RBDR0M/OneDrive - Universidad de los Andes/IELE/Sitemas Electrónicos digitales/Proyecto 2/RoadFighter/2010-PRJ0_BASE_1/BB_SYSTEM.v Line: 480
Critical Warning (10846): Verilog HDL Instantiation warning at BB_SYSTEM.v(485): instance has no name File: C:/Users/Microsoft Windows 10.DESKTOP-8RBDR0M/OneDrive - Universidad de los Andes/IELE/Sitemas Electrónicos digitales/Proyecto 2/RoadFighter/2010-PRJ0_BASE_1/BB_SYSTEM.v Line: 485
Critical Warning (10846): Verilog HDL Instantiation warning at BB_SYSTEM.v(490): instance has no name File: C:/Users/Microsoft Windows 10.DESKTOP-8RBDR0M/OneDrive - Universidad de los Andes/IELE/Sitemas Electrónicos digitales/Proyecto 2/RoadFighter/2010-PRJ0_BASE_1/BB_SYSTEM.v Line: 490
Critical Warning (10846): Verilog HDL Instantiation warning at BB_SYSTEM.v(495): instance has no name File: C:/Users/Microsoft Windows 10.DESKTOP-8RBDR0M/OneDrive - Universidad de los Andes/IELE/Sitemas Electrónicos digitales/Proyecto 2/RoadFighter/2010-PRJ0_BASE_1/BB_SYSTEM.v Line: 495
Critical Warning (10846): Verilog HDL Instantiation warning at BB_SYSTEM.v(500): instance has no name File: C:/Users/Microsoft Windows 10.DESKTOP-8RBDR0M/OneDrive - Universidad de los Andes/IELE/Sitemas Electrónicos digitales/Proyecto 2/RoadFighter/2010-PRJ0_BASE_1/BB_SYSTEM.v Line: 500
Critical Warning (10846): Verilog HDL Instantiation warning at BB_SYSTEM.v(506): instance has no name File: C:/Users/Microsoft Windows 10.DESKTOP-8RBDR0M/OneDrive - Universidad de los Andes/IELE/Sitemas Electrónicos digitales/Proyecto 2/RoadFighter/2010-PRJ0_BASE_1/BB_SYSTEM.v Line: 506
Critical Warning (10846): Verilog HDL Instantiation warning at BB_SYSTEM.v(513): instance has no name File: C:/Users/Microsoft Windows 10.DESKTOP-8RBDR0M/OneDrive - Universidad de los Andes/IELE/Sitemas Electrónicos digitales/Proyecto 2/RoadFighter/2010-PRJ0_BASE_1/BB_SYSTEM.v Line: 513
Critical Warning (10846): Verilog HDL Instantiation warning at BB_SYSTEM.v(520): instance has no name File: C:/Users/Microsoft Windows 10.DESKTOP-8RBDR0M/OneDrive - Universidad de los Andes/IELE/Sitemas Electrónicos digitales/Proyecto 2/RoadFighter/2010-PRJ0_BASE_1/BB_SYSTEM.v Line: 520
Error (10137): Verilog HDL Procedural Assignment error at CC_MUX41.v(52): object "CC_MUX41_z_OutBus" on left-hand side of assignment must have a variable data type File: C:/Users/Microsoft Windows 10.DESKTOP-8RBDR0M/OneDrive - Universidad de los Andes/IELE/Sitemas Electrónicos digitales/Proyecto 2/RoadFighter/2010-PRJ0_BASE_1/rtl/CC_MUX41.v Line: 52
Error (10137): Verilog HDL Procedural Assignment error at CC_MUX41.v(55): object "CC_MUX41_z_OutBus" on left-hand side of assignment must have a variable data type File: C:/Users/Microsoft Windows 10.DESKTOP-8RBDR0M/OneDrive - Universidad de los Andes/IELE/Sitemas Electrónicos digitales/Proyecto 2/RoadFighter/2010-PRJ0_BASE_1/rtl/CC_MUX41.v Line: 55
Error (10137): Verilog HDL Procedural Assignment error at CC_MUX41.v(59): object "CC_MUX41_z_OutBus" on left-hand side of assignment must have a variable data type File: C:/Users/Microsoft Windows 10.DESKTOP-8RBDR0M/OneDrive - Universidad de los Andes/IELE/Sitemas Electrónicos digitales/Proyecto 2/RoadFighter/2010-PRJ0_BASE_1/rtl/CC_MUX41.v Line: 59
Info (144001): Generated suppressed messages file C:/Users/Microsoft Windows 10.DESKTOP-8RBDR0M/OneDrive - Universidad de los Andes/IELE/Sitemas Electrónicos digitales/Proyecto 2/RoadFighter/2010-PRJ0_BASE_1/BB_SYSTEM.map.smsg
Error: Quartus Prime Analysis & Synthesis was unsuccessful. 3 errors, 69 warnings
    Error: Peak virtual memory: 4703 megabytes
    Error: Processing ended: Thu May 04 11:28:01 2023
    Error: Elapsed time: 00:00:11
    Error: Total CPU time (on all processors): 00:00:25


+------------------------------------------+
; Analysis & Synthesis Suppressed Messages ;
+------------------------------------------+
The suppressed messages can be found in C:/Users/Microsoft Windows 10.DESKTOP-8RBDR0M/OneDrive - Universidad de los Andes/IELE/Sitemas Electrónicos digitales/Proyecto 2/RoadFighter/2010-PRJ0_BASE_1/BB_SYSTEM.map.smsg.


